[2026-06-24 15:37:12] TRAE Guardian started
[2026-06-24 15:37:12] Monitor thread started
[2026-06-24 15:38:10] TRAE Guardian stopped
[2026-06-24 16:01:56] TRAE Guardian started
[2026-06-24 16:01:56] Monitor thread started
[2026-06-24 16:10:30] TRAE Guardian stopped
[2026-06-24 16:22:57] TRAE Guardian started
[2026-06-24 16:22:57] Monitor thread started
[2026-06-24 16:24:27] TRAE Guardian started
[2026-06-24 16:24:27] Monitor thread started
[2026-06-24 16:39:20] TRAE Guardian started
[2026-06-24 16:39:20] Monitor thread started
[2026-06-24 16:49:47] TRAE Guardian stopped
[2026-06-24 17:16:02] TRAE Guardian started
[2026-06-24 17:16:02] Monitor thread started
[2026-06-24 17:16:50] TRAE Guardian stopped
[2026-06-24 17:19:52] TRAE Guardian started
[2026-06-24 17:19:52] Monitor thread started
[2026-06-24 17:21:46] TRAE Guardian stopped
[2026-06-24 18:15:09] TRAE Guardian started
[2026-06-24 18:15:09] Monitor thread started
[2026-06-24 18:15:16] TRAE Guardian stopped
[2026-06-24 18:23:03] TRAE Guardian started
[2026-06-24 18:23:03] Monitor thread started
[2026-06-24 18:30:28] TRAE Guardian started
[2026-06-24 18:30:28] Monitor thread started
[2026-06-24 18:36:34] TRAE Guardian stopped
[2026-06-24 19:15:47] TRAE Guardian started
[2026-06-24 19:15:47] Monitor thread started
[2026-06-24 19:19:01] TRAE Guardian started
[2026-06-24 19:19:01] Monitor thread started
[2026-06-24 19:19:10] TRAE Guardian stopped
[2026-06-24 19:22:20] TRAE Guardian started
[2026-06-24 19:22:20] Monitor thread started
[2026-06-24 19:22:29] TRAE Guardian stopped
[2026-06-24 19:26:59] TRAE Guardian started
[2026-06-24 19:26:59] Monitor thread started
[2026-06-24 19:27:13] TRAE Guardian stopped
[2026-06-24 19:27:43] TRAE Guardian started
[2026-06-24 19:27:43] Monitor thread started
[2026-06-24 19:27:59] TRAE Guardian stopped
[2026-06-24 21:40:51] TRAE Guardian started
[2026-06-24 21:40:51] Monitor thread started
[2026-06-24 21:40:54] TRAE Guardian stopped
[2026-06-24 21:41:04] TRAE Guardian stopped
[2026-06-24 21:41:19] TRAE Guardian started
[2026-06-24 21:41:19] Monitor thread started
[2026-06-24 21:42:20] TRAE Guardian stopped
[2026-06-24 21:50:59] TRAE Guardian started
[2026-06-24 21:50:59] Monitor thread started
[2026-06-24 21:51:03] Daemon started
[2026-06-24 22:10:47] TRAE Guardian started
[2026-06-24 22:10:47] Monitor thread started
[2026-06-24 22:11:19] Daemon service started (SYSTEM)
[2026-06-24 22:11:23] Auto refresh: 0
[2026-06-25 08:13:18] TRAE Guardian started
[2026-06-25 08:13:18] Monitor thread started
[2026-06-25 08:13:34] Daemon service started (SYSTEM)
[2026-06-25 08:20:34] TRAE Guardian stopped
[2026-06-25 08:32:31] TRAE Guardian started
[2026-06-25 08:32:31] Monitor thread started
[2026-06-25 08:32:47] TRAE Guardian stopped
[2026-06-25 08:34:07] TRAE Guardian started
[2026-06-25 08:34:07] Monitor thread started
[2026-06-25 08:34:26] TRAE Guardian stopped
[2026-06-25 08:46:35] TRAE Guardian started
[2026-06-25 08:46:35] Monitor thread started
[2026-06-25 09:00:12] TRAE Guardian stopped
[2026-06-30 20:46:36] Process Guardian Qt GUI started
[2026-06-30 20:58:44] Process Guardian Qt GUI started
[2026-06-30 21:11:08] Process Guardian Qt GUI started
[2026-06-30 21:12:40] Process Guardian Qt GUI started
[2026-06-30 21:18:59] Process Guardian Qt GUI started
[2026-06-30 21:26:07] Process Guardian Qt GUI started
[2026-06-30 21:30:13] Process Guardian Qt GUI started
[2026-06-30 21:38:10] Process Guardian Qt GUI started
[2026-06-30 21:41:32] Process Guardian Qt GUI started
[2026-06-30 21:47:52] Process Guardian Qt GUI started
[2026-06-30 21:51:20] Process Guardian Qt GUI started
[2026-06-30 21:52:04] Process Guardian Qt GUI started
[2026-06-30 21:53:18] Deleted registry key: HKEY_CLASSES_ROOT\.029
[2026-06-30 21:53:26] Deleted registry key: HKEY_CLASSES_ROOT\.010
[2026-06-30 21:53:31] Deleted registry key: HKEY_CLASSES_ROOT\.011
[2026-06-30 22:05:10] Process Guardian Qt GUI started
[2026-06-30 22:05:47] Process Guardian Qt GUI started
[2026-07-01 06:52:54] Process Guardian Qt GUI started
[2026-07-01 07:12:13] Process Guardian Qt GUI started
[2026-07-01 07:20:30] Process Guardian Qt GUI started
[2026-07-01 07:30:21] Process Guardian Qt GUI started
[2026-07-01 18:48:40] Process Guardian Qt GUI started
[2026-07-01 18:49:44] Process Guardian Qt GUI started
[2026-07-01 19:14:54] Process Guardian Qt GUI started
[2026-07-01 19:42:47] Process Guardian Qt GUI started
[2026-07-01 19:49:20] Process Guardian Qt GUI started
[2026-07-01 19:49:24] Opened global AI chat from AI Hub
[2026-07-01 19:49:41] AI settings saved from AI Hub
[2026-07-01 19:49:44] Opened global AI chat from AI Hub
[2026-07-01 19:53:22] AI settings saved from AI Hub
[2026-07-01 19:53:24] AI settings saved from AI Hub
[2026-07-01 19:53:26] Opened global AI chat from AI Hub
[2026-07-01 20:09:51] Process Guardian Qt GUI started
[2026-07-01 20:09:59] AI settings saved from AI Hub
[2026-07-01 20:10:03] Opened global AI chat from AI Hub
[2026-07-01 20:11:21] AI settings saved from AI Hub
[2026-07-01 20:11:23] Opened global AI chat from AI Hub
[2026-07-01 20:22:46] Process Guardian Qt GUI started
[2026-07-01 20:42:41] Process Guardian Qt GUI started
[2026-07-01 20:52:28] Process Guardian Qt GUI started
[2026-07-01 20:53:57] Process Guardian Qt GUI started
[2026-07-01 21:06:58] Process Guardian Qt GUI started
[2026-07-01 21:10:45] Process Guardian Qt GUI started
[2026-07-01 21:11:04] AI settings saved from AI Hub
[2026-07-01 21:11:07] AI settings saved from AI Hub
[2026-07-01 21:25:24] Process Guardian Qt GUI started
[2026-07-01 21:28:07] Process Guardian Qt GUI started
[2026-07-01 21:34:56] Process Guardian Qt GUI started
[2026-07-01 21:39:53] Process Guardian Qt GUI started
[2026-07-01 21:39:56] AI settings saved from AI Hub
[2026-07-01 21:40:34] AI settings saved from AI Hub
[2026-07-01 21:48:08] Process Guardian Qt GUI started
[2026-07-01 22:04:25] Process Guardian Qt GUI started
[2026-07-01 22:06:42] Process Guardian Qt GUI started
[2026-07-01 22:14:44] Process Guardian Qt GUI started
[2026-07-01 22:18:55] Process Guardian Qt GUI started
[2026-07-01 22:28:26] Process Guardian Qt GUI started
[2026-07-01 22:29:57] Process Guardian Qt GUI started
[2026-07-01 22:35:11] Process Guardian Qt GUI started
[2026-07-02 07:09:02] Process Guardian Qt GUI started
[2026-07-02 07:28:00] Process Guardian Qt GUI started
[2026-07-02 08:37:13] Process Guardian Qt GUI started
[2026-07-02 08:51:44] AI settings saved from AI Hub
[2026-07-02 09:00:46] Process Guardian Qt GUI started
[2026-07-02 09:44:28] Process Guardian Qt GUI started
[2026-07-02 09:44:55] Process Guardian Qt GUI started
[2026-07-02 09:59:59] Process Guardian Qt GUI started
[2026-07-02 10:02:25] Process Guardian Qt GUI started
[2026-07-02 10:03:58] Process Guardian Qt GUI started
[2026-07-02 10:16:15] Process Guardian Qt GUI started
[2026-07-02 10:17:47] Process Guardian Qt GUI started
[2026-07-02 10:33:24] Process Guardian Qt GUI started
[2026-07-02 10:34:13] Process Guardian Qt GUI started
[2026-07-02 10:53:27] Process Guardian Qt GUI started
[2026-07-02 10:54:34] Process Guardian Qt GUI started
[2026-07-02 12:06:43] Process Guardian Qt GUI started
[2026-07-02 12:08:28] Process Guardian Qt GUI started
[2026-07-02 12:36:52] Process Guardian Qt GUI started
[2026-07-02 12:57:18] Process Guardian Qt GUI started
[2026-07-02 12:58:55] Process Guardian Qt GUI started
[2026-07-02 13:15:49] Process Guardian Qt GUI started
[2026-07-02 13:27:26] Process Guardian Qt GUI started
[2026-07-02 13:40:52] Process Guardian Qt GUI started
[2026-07-02 14:03:58] Process Guardian Qt GUI started
[2026-07-02 14:31:37] Process Guardian Qt GUI started
[2026-07-02 14:38:02] AI settings saved from AI Hub
[2026-07-02 15:37:27] Process Guardian Qt GUI started
[2026-07-02 15:37:33] Started live monitor for PID 1612
[2026-07-02 15:37:50] Started live monitor for PID 2988
[2026-07-02 15:39:47] 守护进程已启动（SYSTEM 服务）
[2026-07-02 15:40:03] 守护进程已启动（管理员）
[2026-07-02 15:40:08] 守护进程已启动（SYSTEM 服务）
[2026-07-02 15:40:12] Failed to install GuardianDaemon service
[2026-07-02 17:02:15] Process Guardian Qt GUI started
[2026-07-02 17:02:59] Started live monitor for PID 1184
[2026-07-02 17:03:38] 守护进程已启动（SYSTEM 服务）
[2026-07-02 17:03:49] 守护进程已启动（SYSTEM 服务）
[2026-07-02 17:31:53] Process Guardian Qt GUI started
[2026-07-02 17:32:12] Open file location: OpenProcess failed for PID 1620
[2026-07-02 17:32:18] Open file location: OpenProcess failed for PID 2976
[2026-07-02 17:32:23] Started live monitor for PID 2976
[2026-07-02 17:32:41] Failed to start daemon in SYSTEM mode
[2026-07-02 17:58:41] Process Guardian Qt GUI started
[2026-07-02 17:58:49] Failed to start daemon in SYSTEM mode
[2026-07-02 17:59:33] Process Guardian Qt GUI started
[2026-07-02 17:59:42] Failed to start daemon in SYSTEM mode
[2026-07-02 18:00:02] Process Guardian Qt GUI started
[2026-07-02 18:00:07] Started live monitor for PID 1064
[2026-07-02 18:02:38] Open file location: failed to get path for PID 1064
[2026-07-02 18:28:31] Process Guardian Qt GUI started
[2026-07-02 18:28:52] Failed to start daemon in SYSTEM mode
[2026-07-02 18:29:22] Started live monitor for PID 1440
[2026-07-02 18:29:33] Open file location: failed to get path for PID 1612
[2026-07-02 18:29:39] Process Guardian Qt GUI started
[2026-07-02 18:29:43] Started live monitor for PID 1184
[2026-07-02 18:29:48] Open file location: failed to get path for PID 1440
[2026-07-02 18:29:57] Failed to start daemon in SYSTEM mode
[2026-07-02 18:50:10] Process Guardian Qt GUI started
[2026-07-02 18:50:28] Failed to start daemon in SYSTEM mode
[2026-07-02 18:50:42] Process Guardian Qt GUI started
[2026-07-02 18:50:47] Failed to start daemon in SYSTEM mode
[2026-07-02 18:50:56] Started live monitor for PID 6408
[2026-07-02 18:51:10] Open file location: failed to get path for PID 6408
[2026-07-02 18:56:16] Open file location: failed to get path for PID 6836
[2026-07-02 19:13:02] Process Guardian Qt GUI started
[2026-07-02 19:13:08] Failed to start daemon in SYSTEM mode
[2026-07-02 19:13:17] Started live monitor for PID 1432
[2026-07-02 19:13:34] Started live monitor for PID 4200
[2026-07-02 19:13:46] Open file location: failed to get path for PID 7620
[2026-07-02 19:30:56] Process Guardian Qt GUI started
[2026-07-02 19:31:16] Failed to start daemon in SYSTEM mode
[2026-07-02 19:34:21] Process Guardian Qt GUI started
[2026-07-02 19:34:25] Open file location: failed to get path for PID 1180
[2026-07-02 19:34:30] Opened file location for PID 4312: C:\Windows\System32\ETDCtrl.exe
[2026-07-02 21:37:47] Process Guardian Qt GUI started
[2026-07-02 21:38:08] 守护进程已启动（SYSTEM 服务）
[2026-07-02 21:38:45] Opened file location for PID 1604: C:\Windows\System32\fontdrvhost.exe
[2026-07-02 21:38:53] Open file location: failed to get path for PID 780
[2026-07-02 21:39:00] Opened file location for PID 1268: C:\Windows\System32\winlogon.exe
[2026-07-02 21:39:10] Started live monitor for PID 1268
[2026-07-02 21:39:27] Started live monitor for PID 9364
[2026-07-02 21:40:59] AI settings saved from AI Hub
[2026-07-02 21:42:06] AI settings saved from AI Hub
[2026-07-02 21:42:15] AI settings saved from AI Hub
[2026-07-02 21:42:17] AI settings saved from AI Hub
[2026-07-02 21:42:22] AI settings saved from AI Hub
[2026-07-02 22:06:31] Process Guardian Qt GUI started
[2026-07-02 22:08:28] Process Guardian Qt GUI started
[2026-07-02 22:08:33] AI settings saved from AI Hub
[2026-07-02 22:08:35] AI settings saved from AI Hub
[2026-07-02 22:08:37] AI settings saved from AI Hub
[2026-07-02 22:09:05] Started live monitor for PID 780
[2026-07-02 22:09:17] Started live monitor for PID 10352
[2026-07-02 22:10:42] Started live monitor for PID 17552
[2026-07-02 22:25:20] Process Guardian Qt GUI started
[2026-07-02 22:25:39] AI settings saved from AI Hub
[2026-07-02 22:26:56] Process Guardian Qt GUI started
[2026-07-02 22:27:05] 守护进程已启动（SYSTEM 服务）
[2026-07-02 22:27:11] Process Guardian Qt GUI started
[2026-07-02 22:32:24] Process Guardian Qt GUI started
[2026-07-02 22:32:45] 守护进程已启动（SYSTEM 服务）
[2026-07-03 09:25:25] Process Guardian Qt GUI started
[2026-07-03 09:25:25] Popup confirmation server started (tid=22932)
[2026-07-03 09:26:18] 守护进程已启动（SYSTEM 服务）
[2026-07-03 09:43:37] Process Guardian Qt GUI started
[2026-07-03 09:43:37] Popup confirmation server started (tid=24156)
[2026-07-03 09:44:19] 守护进程已启动（SYSTEM 服务）
[2026-07-03 10:08:59] Process Guardian Qt GUI started
[2026-07-03 10:08:59] Popup confirmation server started (tid=22720)
[2026-07-03 10:09:07] 守护进程已启动（SYSTEM 服务）
[2026-07-03 10:09:32] AI settings saved from AI Hub
[2026-07-03 10:09:45] AI settings saved from AI Hub
[2026-07-03 10:11:06] AI settings saved from AI Hub
[2026-07-03 10:34:23] Process Guardian Qt GUI started
[2026-07-03 10:34:23] Popup confirmation server started (tid=4552)
[2026-07-03 10:35:07] Process Guardian Qt GUI started
[2026-07-03 10:35:07] Popup confirmation server started (tid=7180)
[2026-07-03 12:07:07] Process Guardian Qt GUI started
[2026-07-03 12:07:07] Popup confirmation server started (tid=4636)
[2026-07-03 12:07:31] 守护进程已启动（SYSTEM 服务）
[2026-07-03 12:28:15] Process Guardian Qt GUI started
[2026-07-03 12:28:15] Popup confirmation server started (tid=16432)
[2026-07-03 12:39:16] Process Guardian Qt GUI started
[2026-07-03 12:39:16] Popup confirmation server started (tid=24432)
[2026-07-03 12:39:57] 守护进程已启动（SYSTEM 服务）
[2026-07-03 13:09:25] Process Guardian Qt GUI started
[2026-07-03 13:09:25] Popup confirmation server started (tid=8052)
[2026-07-03 13:42:35] Process Guardian Qt GUI started
[2026-07-03 13:42:35] Popup confirmation server started (tid=20296)
[2026-07-03 14:00:24] Process Guardian Qt GUI started
[2026-07-03 14:00:24] Popup confirmation server started (tid=3408)
[2026-07-03 14:17:16] Process Guardian Qt GUI started
[2026-07-03 14:17:16] Popup confirmation server started (tid=7468)
[2026-07-03 14:28:07] Saved C:/Users/BaikerrNO1/Documents/trae_projects/Process Guardian/bin/data/ai_memory/system_prompt.txt
[2026-07-03 14:28:10] Saved C:/Users/BaikerrNO1/Documents/trae_projects/Process Guardian/bin/data/ai_memory/ai_knowledge.md
[2026-07-03 14:28:23] Process Guardian Qt GUI started
[2026-07-03 14:28:23] Popup confirmation server started (tid=24228)
[2026-07-03 14:29:42] Saved C:/Users/BaikerrNO1/Documents/trae_projects/Process Guardian/bin/data/ai_memory/system_prompt.txt
[2026-07-03 14:30:31] Saved C:/Users/BaikerrNO1/Documents/trae_projects/Process Guardian/bin/data/ai_memory/system_prompt.txt
[2026-07-03 14:30:55] Failed to query service list: daemon not reachable
[2026-07-03 14:30:55] Failed to query disk list: daemon not reachable
[2026-07-03 14:30:55] Process Guardian Qt GUI started
[2026-07-03 14:30:55] Popup confirmation server started (tid=20488)
[2026-07-03 14:31:14] 守护进程已启动（SYSTEM 服务）
[2026-07-03 14:53:09] Process Guardian Qt GUI started
[2026-07-03 14:53:09] Popup confirmation server started (tid=22472)
[2026-07-03 15:14:39] Process Guardian Qt GUI started
[2026-07-03 15:14:39] Popup confirmation server started (tid=7432)
[2026-07-03 15:16:42] 守护进程已启动（SYSTEM 服务）
[2026-07-03 15:45:27] Process Guardian Qt GUI started
[2026-07-03 15:45:27] Popup confirmation server started (tid=16744)
[2026-07-03 15:46:38] 守护进程已启动（SYSTEM 服务）
[2026-07-03 16:40:20] Process Guardian Qt GUI started
[2026-07-03 16:40:20] Popup confirmation server started (tid=8920)
[2026-07-03 16:40:36] Open file location: failed to get path for PID 172
[2026-07-03 16:40:39] Started live monitor for PID 172
[2026-07-03 16:40:51] Started live monitor for PID 3288
[2026-07-03 16:42:02] Opened global AI chat from AI Hub
[2026-07-03 16:42:25] 守护进程已启动（SYSTEM 服务）
[2026-07-03 17:09:58] Process Guardian Qt GUI started
[2026-07-03 17:09:58] Popup confirmation server started (tid=8444)
[2026-07-03 17:11:26] Failed to query service list: daemon not reachable
[2026-07-03 17:11:26] Failed to query disk list: daemon not reachable
[2026-07-03 17:11:26] Process Guardian Qt GUI started
[2026-07-03 17:11:26] Popup confirmation server started (tid=9668)
[2026-07-03 17:11:36] 守护进程已启动（SYSTEM 服务）
[2026-07-03 17:35:03] Process Guardian Qt GUI started
[2026-07-03 17:35:03] Popup confirmation server started (tid=3228)
[2026-07-03 18:07:36] Failed to query service list: daemon not reachable
[2026-07-03 18:07:36] Failed to query disk list: daemon not reachable
[2026-07-03 18:07:36] Process Guardian Qt GUI started
[2026-07-03 18:07:36] Popup confirmation server started (tid=24412)
[2026-07-03 18:43:02] 守护进程已启动（SYSTEM 服务）
[2026-07-03 18:43:24] 守护进程已启动（管理员）
[2026-07-03 19:49:22] Failed to query service list: daemon not reachable
[2026-07-03 19:49:22] Failed to query disk list: daemon not reachable
[2026-07-03 19:49:22] Process Guardian Qt GUI started
[2026-07-03 19:49:22] Popup confirmation server started (tid=8376)
[2026-07-03 19:49:41] User declined AI cleanup request for trae_guardian_service_wrapper.exe
[2026-07-03 19:50:41] 守护进程已启动（SYSTEM 服务）
[2026-07-03 19:50:57] Failed to query service list: daemon not reachable
[2026-07-03 19:50:57] Failed to query disk list: daemon not reachable
[2026-07-03 19:50:57] Process Guardian Qt GUI started
[2026-07-03 19:50:57] Popup confirmation server started (tid=10436)
[2026-07-03 19:51:01] User declined AI cleanup request for trae_guardian_qt.exe
[2026-07-03 19:51:02] Removed from protected/repeat list: trae_guardian_qt.exe
[2026-07-03 19:51:04] Removed from protected/repeat list: trae_guardian_service_wrapper.exe
[2026-07-03 19:51:18] 守护进程已启动（SYSTEM 服务）
[2026-07-03 19:53:38] Failed to query service list: daemon not reachable
[2026-07-03 19:53:38] Failed to query disk list: daemon not reachable
[2026-07-03 19:53:38] Process Guardian Qt GUI started
[2026-07-03 19:53:38] Popup confirmation server started (tid=18332)
[2026-07-03 19:54:23] User declined AI cleanup request for trae_guardian_service_wrapper.exe
[2026-07-03 20:44:14] Failed to query service list: daemon not reachable
[2026-07-03 20:44:14] Failed to query disk list: daemon not reachable
[2026-07-03 20:44:14] Process Guardian Qt GUI started
[2026-07-03 20:44:14] Popup confirmation server started (tid=14572)
[2026-07-03 20:44:20] User declined AI cleanup request for Trae CN.exe
[2026-07-03 20:44:21] Removed from protected/repeat list: Trae CN.exe
[2026-07-03 20:45:08] Failed to query service list: daemon not reachable
[2026-07-03 20:45:08] Failed to query disk list: daemon not reachable
[2026-07-03 20:45:08] Process Guardian Qt GUI started
[2026-07-03 20:45:08] Popup confirmation server started (tid=6000)
[2026-07-03 20:45:14] Removed from protected/repeat list: cpolar.exe
[2026-07-03 20:45:16] Removed from protected/repeat list: Memory Compression
[2026-07-03 20:45:17] Removed from protected/repeat list: WidgetService.exe
[2026-07-03 20:45:18] Removed from protected/repeat list: conhost.exe
[2026-07-03 20:45:26] Removed from protected/repeat list: crashpad_handler.exe
[2026-07-03 20:45:28] Removed from protected/repeat list: wevtutil.exe
[2026-07-03 20:45:31] Removed from protected/repeat list: sc.exe
[2026-07-03 20:47:06] Saved C:/Users/BaikerrNO1/Documents/trae_projects/Process Guardian/bin/data/ai_memory/SOUL.md
[2026-07-03 20:47:08] Saved C:/Users/BaikerrNO1/Documents/trae_projects/Process Guardian/bin/data/ai_memory/system_prompt.txt
[2026-07-04 08:24:59] Failed to query service list: daemon not reachable
[2026-07-04 08:24:59] Failed to query disk list: daemon not reachable
[2026-07-04 08:24:59] Process Guardian Qt GUI started
[2026-07-04 08:24:59] Popup confirmation server started (tid=4928)
[2026-07-04 08:25:07] User declined AI cleanup request for Memory Compression
[2026-07-04 08:25:29] Removed from protected/repeat list: Doubao.exe
[2026-07-04 08:25:31] Removed from protected/repeat list: promecefpluginhost.exe
[2026-07-04 08:25:33] Removed from protected/repeat list: gcc.exe
[2026-07-04 08:25:36] Removed from protected/repeat list: cc1.exe
[2026-07-04 08:25:37] Removed from protected/repeat list: Memory Compression
[2026-07-04 08:25:39] Removed from protected/repeat list: SmartEngineHost64.exe
[2026-07-04 08:25:40] Removed from protected/repeat list: clangd.exe
[2026-07-04 08:25:42] Removed from protected/repeat list: Trae CN.exe
[2026-07-04 08:25:43] Removed from protected/repeat list: SunloginClient.exe
[2026-07-04 08:25:45] Removed from protected/repeat list: crashpad_handler.exe
[2026-07-04 08:25:46] Removed from protected/repeat list: WidgetService.exe
[2026-07-04 08:25:47] Removed from protected/repeat list: LenovoPcManager.exe
[2026-07-04 08:25:49] Removed from protected/repeat list: CrossDeviceService.exe
[2026-07-04 08:25:51] Removed from protected/repeat list: cpolar.exe
[2026-07-04 08:25:52] Removed from protected/repeat list: HPLaserJetService.exe
[2026-07-04 08:25:54] Removed from protected/repeat list: icacls.exe
[2026-07-04 08:25:55] Removed from protected/repeat list: LenovoTray.exe
[2026-07-04 08:25:56] Removed from protected/repeat list: SGTool.exe
[2026-07-04 08:26:10] Started live monitor for PID 10088
[2026-07-04 08:37:01] User declined AI cleanup request for Memory Compression
[2026-07-04 08:37:05] Process Guardian Qt GUI started
[2026-07-04 08:37:05] Popup confirmation server started (tid=7600)
[2026-07-04 08:39:10] Daemon response: {"ok":true}
[2026-07-04 08:39:10] Daemon response: {"ok":false,"msg":"clean failed"}
[2026-07-04 08:39:10] User authorized AI cleanup for clangd.exe
[2026-07-04 08:43:06] User declined AI cleanup request for Memory Compression
[2026-07-04 08:43:10] User declined AI cleanup request for Memory Compression
[2026-07-04 08:43:28] Removed from protected/repeat list: Memory Compression
[2026-07-04 08:44:51] User declined AI cleanup request for Memory Compression
[2026-07-04 10:03:16] Failed to query service list: daemon not reachable
[2026-07-04 10:03:16] Failed to query disk list: daemon not reachable
[2026-07-04 10:03:16] Process Guardian Qt GUI started
[2026-07-04 10:03:16] Popup confirmation server started (tid=13396)
[2026-07-04 10:15:05] User declined AI cleanup request for Trae CN.exe
[2026-07-04 10:15:10] Removed from protected/repeat list: clangd.exe
[2026-07-04 10:58:13] Process Guardian Qt GUI started
[2026-07-04 10:58:13] Popup confirmation server started (tid=11940)
[2026-07-04 19:49:55] Process Guardian Qt GUI started
[2026-07-04 19:49:55] Popup confirmation server started (tid=12280)
[2026-07-04 20:14:18] Process Guardian Qt GUI started
[2026-07-04 20:14:18] Popup confirmation server started (tid=17412)
[2026-07-04 20:14:25] Process Guardian Qt GUI started
[2026-07-04 20:14:25] Popup confirmation server started (tid=15752)
[2026-07-04 20:14:34] Process Guardian Qt GUI started
[2026-07-04 20:14:34] Popup confirmation server started (tid=23116)
[2026-07-05 08:02:41] Process Guardian Qt GUI started
[2026-07-05 08:02:41] Popup confirmation server started (tid=15388)
[2026-07-06 18:49:26] Process Guardian Qt GUI started
[2026-07-06 18:49:26] Popup confirmation server started (tid=21484)
[2026-07-06 18:50:19] Process Guardian Qt GUI started
[2026-07-06 18:50:19] Popup confirmation server started (tid=18420)
[2026-07-06 18:50:26] Process Guardian Qt GUI started
[2026-07-06 18:50:26] Popup confirmation server started (tid=8928)
[2026-07-06 18:51:00] Process Guardian Qt GUI started
[2026-07-06 18:51:00] Popup confirmation server started (tid=3168)
[2026-07-06 18:51:09] User declined AI cleanup request for cpolar.exe
[2026-07-06 18:51:14] User declined AI cleanup request for cpolar.exe
[2026-07-06 18:51:17] User declined AI cleanup request for cpolar.exe
[2026-07-06 18:51:20] User declined AI cleanup request for EMDriverAssist.exe
[2026-07-06 18:51:21] Removed from protected/repeat list: powershell.exe
[2026-07-06 18:51:28] User declined AI cleanup request for cpolar.exe
[2026-07-06 18:51:31] User declined AI cleanup request for cpolar.exe
[2026-07-06 18:51:32] Removed from protected/repeat list: LenovoPcManager.exe
[2026-07-06 18:51:34] User declined AI cleanup request for Doubao.exe
[2026-07-06 18:54:50] Process Guardian Qt GUI started
[2026-07-06 18:54:50] Popup confirmation server started (tid=19028)
[2026-07-06 18:54:55] User declined AI cleanup request for cpolar.exe
[2026-07-06 19:06:43] Failed to query service list: daemon not reachable
[2026-07-06 19:06:43] Failed to query disk list: daemon not reachable
[2026-07-06 19:06:43] Process Guardian Qt GUI started
[2026-07-06 19:06:43] Popup confirmation server started (tid=8344)
[2026-07-06 19:06:49] Failed to query service list: daemon not reachable
[2026-07-06 19:06:49] Failed to query disk list: daemon not reachable
[2026-07-06 19:06:49] Process Guardian Qt GUI started
[2026-07-06 19:06:49] Popup confirmation server started (tid=12176)
[2026-07-06 19:06:56] User declined AI cleanup request for Doubao.exe
[2026-07-06 19:07:01] 守护进程已启动（SYSTEM 服务）
[2026-07-06 19:07:09] User declined AI cleanup request for Doubao.exe
[2026-07-06 19:07:11] User declined AI cleanup request for cpolar.exe
[2026-07-06 19:07:15] User declined AI cleanup request for cpolar.exe
[2026-07-06 19:07:16] User declined AI cleanup request for Doubao.exe
[2026-07-06 19:07:22] User declined AI cleanup request for Doubao.exe
[2026-07-06 19:07:24] User declined AI cleanup request for cpolar.exe
[2026-07-06 19:09:59] Process Guardian Qt GUI started
[2026-07-06 19:09:59] Popup confirmation server started (tid=14660)
[2026-07-06 19:18:07] User declined AI cleanup request for cpolar.exe
[2026-07-06 19:18:10] User declined AI cleanup request for Doubao.exe
[2026-07-07 09:44:49] Failed to query service list: daemon not reachable
[2026-07-07 09:44:49] Failed to query disk list: daemon not reachable
[2026-07-07 09:44:50] Process Guardian Qt GUI started
[2026-07-07 09:44:50] Popup confirmation server started (tid=5000)
[2026-07-07 11:51:06] Failed to query service list: daemon not reachable
[2026-07-07 11:51:06] Failed to query disk list: daemon not reachable
[2026-07-07 11:51:06] Process Guardian Qt GUI started
[2026-07-07 11:51:06] Popup confirmation server started (tid=4136)
[2026-07-07 11:51:19] Failed to query service list: daemon not reachable
[2026-07-07 11:51:19] Failed to query disk list: daemon not reachable
[2026-07-07 11:51:19] Process Guardian Qt GUI started
[2026-07-07 11:51:19] Popup confirmation server started (tid=18996)
[2026-07-07 11:51:27] Failed to connect to daemon action pipe
[2026-07-07 11:51:27] Failed to connect to daemon action pipe
[2026-07-07 11:51:27] User authorized AI cleanup for unknown
[2026-07-07 11:51:55] AI settings saved from AI Hub
[2026-07-07 11:52:05] 守护进程已启动（SYSTEM 服务）
[2026-07-07 11:52:06] AI settings saved from AI Hub
[2026-07-07 11:52:09] AI settings saved from AI Hub
[2026-07-07 12:18:52] Failed to query service list: daemon not reachable
[2026-07-07 12:18:52] Failed to query disk list: daemon not reachable
[2026-07-07 12:18:52] Process Guardian Qt GUI started
[2026-07-07 12:18:52] Popup confirmation server started (tid=17944)
[2026-07-07 12:19:04] Failed to query service list: daemon not reachable
[2026-07-07 12:19:04] Failed to query disk list: daemon not reachable
[2026-07-07 12:19:05] Process Guardian Qt GUI started
[2026-07-07 12:19:05] Popup confirmation server started (tid=2032)
[2026-07-07 12:19:14] Failed to query service list: daemon not reachable
[2026-07-07 12:19:14] Failed to query disk list: daemon not reachable
[2026-07-07 12:19:14] Process Guardian Qt GUI started
[2026-07-07 12:19:14] Popup confirmation server started (tid=996)
[2026-07-07 12:19:22] AI settings saved from AI Hub
[2026-07-07 12:19:24] AI settings saved from AI Hub
[2026-07-07 12:19:27] AI settings saved from AI Hub
[2026-07-07 12:19:34] 守护进程已启动（SYSTEM 服务）
[2026-07-07 12:21:52] Failed to query service list: daemon not reachable
[2026-07-07 12:21:52] Failed to query disk list: daemon not reachable
[2026-07-07 12:21:52] Process Guardian Qt GUI started
[2026-07-07 12:21:52] Popup confirmation server started (tid=20632)
[2026-07-07 12:21:56] AI settings saved from AI Hub
[2026-07-07 12:22:02] 守护进程已启动（SYSTEM 服务）
[2026-07-07 12:22:39] AI settings saved from AI Hub
[2026-07-07 12:36:29] AI settings saved from AI Hub
[2026-07-07 12:40:43] Failed to query service list: daemon not reachable
[2026-07-07 12:40:43] Failed to query disk list: daemon not reachable
[2026-07-07 12:40:43] Process Guardian Qt GUI started
[2026-07-07 12:40:43] Popup confirmation server started (tid=16236)
[2026-07-07 12:44:13] Failed to query service list: daemon not reachable
[2026-07-07 12:44:13] Failed to query disk list: daemon not reachable
[2026-07-07 12:44:13] Process Guardian Qt GUI started
[2026-07-07 12:44:13] Popup confirmation server started (tid=15216)
[2026-07-07 12:45:30] Failed to query service list: daemon not reachable
[2026-07-07 12:45:30] Failed to query disk list: daemon not reachable
[2026-07-07 12:45:30] Process Guardian Qt GUI started
[2026-07-07 12:45:30] Popup confirmation server started (tid=20004)
[2026-07-07 12:52:04] Failed to query service list: daemon not reachable
[2026-07-07 12:52:04] Failed to query disk list: daemon not reachable
[2026-07-07 12:52:04] Process Guardian Qt GUI started
[2026-07-07 12:52:04] Popup confirmation server started (tid=21284)
[2026-07-07 12:52:14] Failed to query service list: daemon not reachable
[2026-07-07 12:52:14] Failed to query disk list: daemon not reachable
[2026-07-07 12:52:14] Process Guardian Qt GUI started
[2026-07-07 12:52:14] Popup confirmation server started (tid=19532)
[2026-07-07 12:52:27] Failed to query service list: daemon not reachable
[2026-07-07 12:52:27] Failed to query disk list: daemon not reachable
[2026-07-07 12:52:27] Process Guardian Qt GUI started
[2026-07-07 12:52:27] Popup confirmation server started (tid=13992)
[2026-07-07 12:54:00] Failed to query service list: daemon not reachable
[2026-07-07 12:54:00] Failed to query disk list: daemon not reachable
[2026-07-07 12:54:00] Process Guardian Qt GUI started
[2026-07-07 12:54:00] Popup confirmation server started (tid=19668)
[2026-07-07 12:54:17] Started live monitor for PID 1964
[2026-07-07 13:04:42] Failed to query service list: daemon not reachable
[2026-07-07 13:04:42] Failed to query disk list: daemon not reachable
[2026-07-07 13:04:42] Process Guardian Qt GUI started
[2026-07-07 13:04:42] Popup confirmation server started (tid=19108)
[2026-07-07 13:23:48] Failed to query service list: daemon not reachable
[2026-07-07 13:23:48] Failed to query disk list: daemon not reachable
[2026-07-07 13:23:48] Process Guardian Qt GUI started
[2026-07-07 13:23:48] Popup confirmation server started (tid=19776)
[2026-07-07 13:23:59] Failed to query service list: daemon not reachable
[2026-07-07 13:23:59] Failed to query disk list: daemon not reachable
[2026-07-07 13:23:59] Process Guardian Qt GUI started
[2026-07-07 13:23:59] Popup confirmation server started (tid=1668)
[2026-07-07 13:27:01] Failed to query service list: daemon not reachable
[2026-07-07 14:07:21] Process Guardian Qt GUI started
[2026-07-07 14:07:21] Popup confirmation server started (tid=3984)
[2026-07-07 14:14:52] Process Guardian Qt GUI started
[2026-07-07 14:14:52] Popup confirmation server started (tid=18828)
[2026-07-07 14:37:23] Process Guardian Qt GUI started
[2026-07-07 14:37:23] Popup confirmation server started (tid=13484)
[2026-07-07 14:37:32] Process Guardian Qt GUI started
[2026-07-07 14:37:32] Popup confirmation server started (tid=19048)
[2026-07-07 14:37:38] Process Guardian Qt GUI started
[2026-07-07 14:37:38] Popup confirmation server started (tid=20908)
[2026-07-07 14:37:47] 守护进程已启动（SYSTEM 服务）
[2026-07-07 15:01:33] Process Guardian Qt GUI started
[2026-07-07 15:01:33] Popup confirmation server started (tid=18672)
[2026-07-07 15:01:47] Process Guardian Qt GUI started
[2026-07-07 15:01:47] Popup confirmation server started (tid=20724)
[2026-07-07 15:01:57] Process Guardian Qt GUI started
[2026-07-07 15:01:57] Popup confirmation server started (tid=5496)
[2026-07-07 15:02:04] 守护进程已启动（SYSTEM 服务）
[2026-07-07 15:02:16] Failed to open stop event: 2
[2026-07-07 15:02:16] Daemon terminated (PID: 3924)
[2026-07-07 15:02:16] Daemon terminated (PID: 4488)
[2026-07-07 15:02:16] Daemon terminated (PID: 17700)
[2026-07-07 15:02:16] Daemon terminated (PID: 15664)
[2026-07-07 15:02:16] Daemon terminated (PID: 3216)
[2026-07-07 15:02:16] Daemon terminated (PID: 22300)
[2026-07-07 15:02:16] Service stop command sent
[2026-07-07 15:02:31] Failed to start daemon in SYSTEM mode
[2026-07-07 15:02:47] Failed to start daemon in SYSTEM mode
[2026-07-07 15:04:20] Failed to open stop event: 2
[2026-07-07 15:04:20] Daemon terminated (PID: 3924)
[2026-07-07 15:04:20] Daemon terminated (PID: 4488)
[2026-07-07 15:04:20] Daemon terminated (PID: 17700)
[2026-07-07 15:04:20] Daemon terminated (PID: 15664)
[2026-07-07 15:04:20] Daemon terminated (PID: 3216)
[2026-07-07 15:04:20] Daemon terminated (PID: 22300)
[2026-07-07 15:04:20] Service stop command sent
[2026-07-07 15:04:22] Removed from protected/repeat list: unknown
[2026-07-07 15:04:38] Failed to start daemon in SYSTEM mode
[2026-07-07 15:04:53] Process Guardian Qt GUI started
[2026-07-07 15:04:53] Popup confirmation server started (tid=19076)
[2026-07-07 15:06:05] 设置已保存
[2026-07-07 15:30:26] Process Guardian Qt GUI started
[2026-07-07 15:30:26] Popup confirmation server started (tid=19896)
[2026-07-07 15:31:23] 设置已保存
[2026-07-07 15:34:01] Process Guardian Qt GUI started
[2026-07-07 15:34:01] Popup confirmation server started (tid=21956)
[2026-07-07 15:34:07] 守护进程已启动（SYSTEM 服务）
[2026-07-07 15:55:37] Found 0 services
[2026-07-07 15:55:37] Process Guardian Qt GUI started
[2026-07-07 15:55:37] Popup confirmation server started (tid=16292)
[2026-07-07 15:55:46] Found 0 services
[2026-07-07 15:55:47] Process Guardian Qt GUI started
[2026-07-07 15:55:47] Popup confirmation server started (tid=22328)
[2026-07-07 15:55:53] Found 0 services
[2026-07-07 15:55:53] Process Guardian Qt GUI started
[2026-07-07 15:55:53] Popup confirmation server started (tid=7388)
[2026-07-07 15:55:59] Found 0 services
[2026-07-07 15:55:59] Process Guardian Qt GUI started
[2026-07-07 15:55:59] Popup confirmation server started (tid=7780)
[2026-07-07 15:57:58] Found 0 services
[2026-07-07 15:57:59] Process Guardian Qt GUI started
[2026-07-07 15:57:59] Popup confirmation server started (tid=20692)
[2026-07-07 15:58:11] 守护进程已启动（SYSTEM 服务）
[2026-07-07 15:59:12] Found 0 services
[2026-07-07 15:59:13] Process Guardian Qt GUI started
[2026-07-07 15:59:13] Popup confirmation server started (tid=12084)
[2026-07-07 15:59:34] Found 0 services
[2026-07-07 15:59:34] Process Guardian Qt GUI started
[2026-07-07 15:59:34] Popup confirmation server started (tid=8848)
[2026-07-07 15:59:39] Found 0 services
[2026-07-07 15:59:39] Process Guardian Qt GUI started
[2026-07-07 15:59:39] Popup confirmation server started (tid=20664)
[2026-07-07 15:59:44] Found 0 services
[2026-07-07 15:59:44] Process Guardian Qt GUI started
[2026-07-07 15:59:44] Popup confirmation server started (tid=9488)
[2026-07-07 15:59:49] Found 0 services
[2026-07-07 15:59:50] Process Guardian Qt GUI started
[2026-07-07 15:59:50] Popup confirmation server started (tid=18896)
[2026-07-07 15:59:55] Found 0 services
[2026-07-07 15:59:55] Process Guardian Qt GUI started
[2026-07-07 15:59:55] Popup confirmation server started (tid=22248)
[2026-07-07 16:06:40] Found 0 services
[2026-07-07 16:06:40] Process Guardian Qt GUI started
[2026-07-07 16:06:40] Popup confirmation server started (tid=21616)
[2026-07-07 16:30:43] Found 0 services
[2026-07-07 16:30:43] Process Guardian Qt GUI started
[2026-07-07 16:30:43] Popup confirmation server started (tid=5048)
[2026-07-07 16:30:54] Found 0 services
[2026-07-07 16:30:54] Process Guardian Qt GUI started
[2026-07-07 16:30:54] Popup confirmation server started (tid=22044)
[2026-07-07 16:31:00] Found 0 services
[2026-07-07 16:31:00] Process Guardian Qt GUI started
[2026-07-07 16:31:00] Popup confirmation server started (tid=21712)
[2026-07-07 16:31:19] Found 0 services
[2026-07-07 16:31:19] Process Guardian Qt GUI started
[2026-07-07 16:31:19] Popup confirmation server started (tid=20284)
[2026-07-07 16:31:26] Found 0 services
[2026-07-07 16:31:26] Process Guardian Qt GUI started
[2026-07-07 16:31:26] Popup confirmation server started (tid=6532)
[2026-07-07 16:33:08] Found 0 services
[2026-07-07 16:33:08] Process Guardian Qt GUI started
[2026-07-07 16:33:08] Popup confirmation server started (tid=21056)
[2026-07-07 16:41:11] Found 0 services
[2026-07-07 16:41:11] Process Guardian Qt GUI started
[2026-07-07 16:41:11] Popup confirmation server started (tid=22264)
[2026-07-07 16:46:09] Found 0 services
[2026-07-07 16:46:09] Process Guardian Qt GUI started
[2026-07-07 16:46:09] Popup confirmation server started (tid=15592)
[2026-07-07 16:52:17] Found 0 services
[2026-07-07 16:52:17] Process Guardian Qt GUI started
[2026-07-07 16:52:17] Popup confirmation server started (tid=21596)
[2026-07-07 17:02:11] Found 0 services
[2026-07-07 17:02:12] Process Guardian Qt GUI started
[2026-07-07 17:02:12] Popup confirmation server started (tid=8928)
[2026-07-07 17:11:25] Found 0 services
[2026-07-07 17:11:25] Process Guardian Qt GUI started
[2026-07-07 17:11:25] Popup confirmation server started (tid=20668)
[2026-07-07 17:33:26] Found 0 services
[2026-07-07 17:33:27] Process Guardian Qt GUI started
[2026-07-07 17:33:27] Popup confirmation server started (tid=4436)
[2026-07-07 17:34:10] Found 0 services
[2026-07-07 17:34:10] Process Guardian Qt GUI started
[2026-07-07 17:34:10] Popup confirmation server started (tid=10328)
[2026-07-07 17:43:51] Found 0 services
[2026-07-07 17:43:51] Process Guardian Qt GUI started
[2026-07-07 17:43:51] Popup confirmation server started (tid=13332)
[2026-07-07 17:48:10] Found 0 services
[2026-07-07 17:48:10] Process Guardian Qt GUI started
[2026-07-07 17:48:10] Popup confirmation server started (tid=16428)
[2026-07-07 17:51:25] SVC: Opened SCM successfully
[2026-07-07 17:51:25] SVC: First EnumServicesStatus call, ok=0 err=234 bufSize=108434
[2026-07-07 17:51:26] SVC: Found 0 services, needed=775
[2026-07-07 17:51:26] Process Guardian Qt GUI started
[2026-07-07 17:51:26] Popup confirmation server started (tid=13504)
[2026-07-07 18:01:28] SVC: Found 775 services
[2026-07-07 18:01:30] Process Guardian Qt GUI started
[2026-07-07 18:01:30] Popup confirmation server started (tid=4072)
[2026-07-07 18:06:57] SVC: Found 775 services
[2026-07-07 18:06:58] Process Guardian Qt GUI started
[2026-07-07 18:06:58] Popup confirmation server started (tid=5004)
[2026-07-07 18:07:20] SVC: Found 775 services
[2026-07-07 18:07:21] Process Guardian Qt GUI started
[2026-07-07 18:07:21] Popup confirmation server started (tid=9824)
[2026-07-07 18:14:25] [SINGLE] Starting...
[2026-07-07 18:14:25] [SINGLE] No existing window found
[2026-07-07 18:14:25] [SINGLE] Global mutex created successfully
[2026-07-07 18:14:25] SVC: Found 775 services
[2026-07-07 18:14:26] Process Guardian Qt GUI started
[2026-07-07 18:14:26] Popup confirmation server started (tid=15344)
[2026-07-07 18:24:46] [SINGLE] Starting...
[2026-07-07 18:24:46] [SINGLE] No existing window found
[2026-07-07 18:24:46] [SINGLE] Global mutex created successfully
[2026-07-07 18:24:46] SVC: Found 775 services
[2026-07-07 18:24:46] Process Guardian Qt GUI started
[2026-07-07 18:24:46] Popup confirmation server started (tid=4448)
[2026-07-07 18:26:14] [SINGLE] Starting...
[2026-07-07 18:26:14] [SINGLE] No existing window found
[2026-07-07 18:26:14] [SINGLE] Global mutex created successfully
[2026-07-07 18:26:14] SVC: Found 775 services
[2026-07-07 18:26:14] Process Guardian Qt GUI started
[2026-07-07 18:26:14] Popup confirmation server started (tid=7472)
[2026-07-07 18:26:28] [SINGLE] Starting...
[2026-07-07 18:27:36] [SINGLE] Found existing window, exiting
[2026-07-07 18:30:58] [SINGLE] Starting...
[2026-07-07 18:30:58] [SINGLE] No existing window found
[2026-07-07 18:30:58] [SINGLE] Global mutex created successfully
[2026-07-07 18:30:58] SVC: Found 775 services
[2026-07-07 18:30:59] Process Guardian Qt GUI started
[2026-07-07 18:30:59] Popup confirmation server started (tid=10488)
[2026-07-07 18:31:03] [SINGLE] Starting...
[2026-07-07 18:31:07] [SINGLE] Found existing window, exiting
[2026-07-07 18:35:03] [SINGLE] Starting...
[2026-07-07 18:35:03] [SINGLE] No existing window found
[2026-07-07 18:35:03] [SINGLE] Global mutex created successfully
[2026-07-07 18:35:04] SVC: Found 775 services
[2026-07-07 18:35:04] Process Guardian Qt GUI started
[2026-07-07 18:35:04] Popup confirmation server started (tid=6488)
[2026-07-07 18:35:09] [SINGLE] Starting...
[2026-07-07 18:35:13] [SINGLE] Found existing window, exiting
[2026-07-07 18:40:34] SVC: Found 775 services
[2026-07-07 18:40:34] Process Guardian Qt GUI started
[2026-07-07 18:40:34] Popup confirmation server started (tid=17912)
[2026-07-07 18:45:55] SVC: Found 775 services
[2026-07-07 18:45:56] Process Guardian Qt GUI started
[2026-07-07 18:45:56] Popup confirmation server started (tid=5944)
[2026-07-07 18:52:11] [PID:10380] Mutex created, err=0
[2026-07-07 18:52:11] SVC: Found 775 services
[2026-07-07 18:52:12] Process Guardian Qt GUI started
[2026-07-07 18:52:12] Popup confirmation server started (tid=416)
[2026-07-07 18:52:16] [PID:17736] Mutex created, err=183
[2026-07-07 18:52:20] [PID:17736] Exiting due to mutex
[2026-07-07 18:52:50] [PID:10552] Mutex created, err=0
[2026-07-07 18:52:50] SVC: Found 775 services
[2026-07-07 18:52:51] Process Guardian Qt GUI started
[2026-07-07 18:52:51] Popup confirmation server started (tid=3920)
[2026-07-07 18:59:01] SVC: Found 775 services
[2026-07-07 18:59:01] Process Guardian Qt GUI started
[2026-07-07 18:59:01] Popup confirmation server started (tid=12548)
[2026-07-07 18:59:27] SVC: Found 775 services
[2026-07-07 18:59:28] Process Guardian Qt GUI started
[2026-07-07 18:59:28] Popup confirmation server started (tid=12976)
[2026-07-07 19:00:17] SVC: Found 775 services
[2026-07-07 19:00:17] Process Guardian Qt GUI started
[2026-07-07 19:00:17] Popup confirmation server started (tid=17776)
[2026-07-07 19:01:10] SVC: Found 775 services
[2026-07-07 19:01:11] Process Guardian Qt GUI started
[2026-07-07 19:01:11] Popup confirmation server started (tid=6032)
[2026-07-07 19:07:16] SVC: Found 775 services
[2026-07-07 19:07:16] Process Guardian Qt GUI started
[2026-07-07 19:07:16] Popup confirmation server started (tid=3920)
[2026-07-07 19:07:57] SVC: Found 775 services
[2026-07-07 19:07:57] Process Guardian Qt GUI started
[2026-07-07 19:07:57] Popup confirmation server started (tid=10388)
[2026-07-07 19:08:38] SVC: Found 775 services
[2026-07-07 19:08:39] Process Guardian Qt GUI started
[2026-07-07 19:08:39] Popup confirmation server started (tid=14912)
[2026-07-07 19:09:05] SVC: Found 775 services
[2026-07-07 19:09:05] Process Guardian Qt GUI started
[2026-07-07 19:09:05] Popup confirmation server started (tid=6356)
[2026-07-07 19:09:32] SVC: Found 775 services
[2026-07-07 19:09:33] Process Guardian Qt GUI started
[2026-07-07 19:09:33] Popup confirmation server started (tid=10488)
[2026-07-07 19:34:57] SVC: Found 775 services
[2026-07-07 19:34:58] Process Guardian Qt GUI started
[2026-07-07 19:34:58] Popup confirmation server started (tid=1544)
[2026-07-07 19:37:13] SVC: Found 775 services
[2026-07-07 19:37:13] Process Guardian Qt GUI started
[2026-07-07 19:37:13] Popup confirmation server started (tid=16768)
[2026-07-07 19:50:03] SVC: Found 775 services
[2026-07-07 19:50:04] Process Guardian Qt GUI started
[2026-07-07 19:50:04] Popup confirmation server started (tid=9484)
[2026-07-07 19:55:19] SVC: Found 775 services
[2026-07-07 19:55:19] Process Guardian Qt GUI started
[2026-07-07 19:55:19] Popup confirmation server started (tid=11852)
[2026-07-07 21:16:35] SVC: Found 775 services
[2026-07-07 21:16:35] Process Guardian Qt GUI started
[2026-07-07 21:16:35] Popup confirmation server started (tid=18360)
[2026-07-07 21:19:49] SVC: Found 775 services
[2026-07-07 21:19:50] Process Guardian Qt GUI started
[2026-07-07 21:19:50] Popup confirmation server started (tid=4384)
[2026-07-07 21:23:25] SVC: Found 775 services
[2026-07-07 21:23:26] Process Guardian Qt GUI started
[2026-07-07 21:23:26] Popup confirmation server started (tid=12052)
[2026-07-07 21:24:12] SVC: Found 775 services
[2026-07-07 21:24:12] Process Guardian Qt GUI started
[2026-07-07 21:24:12] Popup confirmation server started (tid=8308)
[2026-07-07 21:27:21] SVC: Found 775 services
[2026-07-07 21:27:21] Process Guardian Qt GUI started
[2026-07-07 21:27:21] Popup confirmation server started (tid=2952)
[2026-07-07 21:27:57] SVC: Found 775 services
[2026-07-07 21:27:58] Process Guardian Qt GUI started
[2026-07-07 21:27:58] Popup confirmation server started (tid=9864)
[2026-07-07 21:31:19] SVC: Found 775 services
[2026-07-07 21:31:19] Process Guardian Qt GUI started
[2026-07-07 21:31:19] Popup confirmation server started (tid=1592)
[2026-07-07 21:36:51] SVC: Found 775 services
[2026-07-07 21:36:52] Process Guardian Qt GUI started
[2026-07-07 21:36:52] Popup confirmation server started (tid=16988)
[2026-07-07 21:39:50] SVC: Found 775 services
[2026-07-07 21:39:51] Process Guardian Qt GUI started
[2026-07-07 21:39:51] Popup confirmation server started (tid=14152)
[2026-07-07 21:42:36] SVC: Found 775 services
[2026-07-07 21:42:36] Process Guardian Qt GUI started
[2026-07-07 21:42:36] Popup confirmation server started (tid=3232)
[2026-07-07 21:45:39] SVC: Found 775 services
[2026-07-07 21:45:39] Process Guardian Qt GUI started
[2026-07-07 21:45:39] Popup confirmation server started (tid=8892)
[2026-07-07 21:48:48] SVC: Found 775 services
[2026-07-07 21:48:48] Process Guardian Qt GUI started
[2026-07-07 21:48:48] Popup confirmation server started (tid=12964)
[2026-07-07 21:53:07] SVC: Found 775 services
[2026-07-07 21:53:07] Process Guardian Qt GUI started
[2026-07-07 21:53:07] Popup confirmation server started (tid=14100)
[2026-07-07 21:55:59] SVC: Found 775 services
[2026-07-07 21:56:00] Process Guardian Qt GUI started
[2026-07-07 21:56:00] Popup confirmation server started (tid=16808)
[2026-07-07 21:58:58] SVC: Found 775 services
[2026-07-07 21:58:59] Process Guardian Qt GUI started
[2026-07-07 21:58:59] Popup confirmation server started (tid=15536)
[2026-07-07 22:02:06] SVC: Found 775 services
[2026-07-07 22:02:06] Process Guardian Qt GUI started
[2026-07-07 22:02:06] Popup confirmation server started (tid=2108)
[2026-07-07 22:05:07] SVC: Found 775 services
[2026-07-07 22:05:07] Process Guardian Qt GUI started
[2026-07-07 22:05:07] Popup confirmation server started (tid=17004)
[2026-07-07 22:08:14] SVC: Found 775 services
[2026-07-07 22:08:14] Process Guardian Qt GUI started
[2026-07-07 22:08:14] Popup confirmation server started (tid=3528)
[2026-07-07 22:11:36] SVC: Found 775 services
[2026-07-07 22:11:37] Process Guardian Qt GUI started
[2026-07-07 22:11:37] Popup confirmation server started (tid=10280)
[2026-07-07 22:13:02] AI settings saved from AI Hub
[2026-07-07 22:13:09] 守护进程已启动（SYSTEM 服务）
[2026-07-07 22:13:11] AI settings saved from AI Hub
[2026-07-07 22:29:48] SVC: Found 775 services
[2026-07-07 22:29:48] Process Guardian Qt GUI started
[2026-07-07 22:29:48] Popup confirmation server started (tid=18136)
[2026-07-07 22:30:12] Started live monitor for PID 1228
[2026-07-08 07:47:17] SVC: Found 775 services
[2026-07-08 07:47:17] Process Guardian Qt GUI started
[2026-07-08 07:47:17] Popup confirmation server started (tid=14708)
[2026-07-08 07:48:32] Failed to connect to daemon action pipe
[2026-07-08 07:48:32] Failed to connect to daemon action pipe
[2026-07-08 07:48:32] User authorized AI cleanup for unknown
[2026-07-08 07:49:17] 守护进程已启动（SYSTEM 服务）
[2026-07-08 08:55:57] SVC: Found 775 services
[2026-07-08 08:55:58] Process Guardian Qt GUI started
[2026-07-08 08:55:58] Popup confirmation server started (tid=24848)
[2026-07-08 09:38:07] SVC: Found 775 services
[2026-07-08 09:38:07] Process Guardian Qt GUI started
[2026-07-08 09:38:07] Popup confirmation server started (tid=11564)
[2026-07-08 09:38:59] 守护进程已启动（SYSTEM 服务）
[2026-07-08 09:39:13] AI settings saved from AI Hub
[2026-07-08 09:39:20] 守护进程已启动（SYSTEM 服务）
[2026-07-08 09:39:23] AI settings saved from AI Hub
[2026-07-08 09:39:51] 守护进程已启动（SYSTEM 服务）
[2026-07-08 09:40:06] 守护进程已启动（SYSTEM 服务）
[2026-07-08 09:40:18] Removed from protected/repeat list: unknown
[2026-07-08 09:40:59] Deleted registry key: HKEY_CLASSES_ROOT\.015
[2026-07-08 09:41:04] Deleted registry key: HKEY_CLASSES_ROOT\.014
[2026-07-08 09:41:09] Deleted registry key: HKEY_CLASSES_ROOT\.013
[2026-07-08 09:41:14] Deleted registry key: HKEY_CLASSES_ROOT\.016
[2026-07-08 09:53:40] SVC: Found 775 services
[2026-07-08 09:53:41] Process Guardian Qt GUI started
[2026-07-08 09:53:41] Popup confirmation server started (tid=4640)
[2026-07-08 09:53:48] 守护进程已启动（SYSTEM 服务）
[2026-07-08 10:08:12] SVC: Found 775 services
[2026-07-08 10:08:13] Process Guardian Qt GUI started
[2026-07-08 10:08:13] Popup confirmation server started (tid=17192)
[2026-07-08 10:08:41] 守护进程已启动（SYSTEM 服务）
[2026-07-08 10:18:57] SVC: Found 775 services
[2026-07-08 10:18:58] Process Guardian Qt GUI started
[2026-07-08 10:18:58] Popup confirmation server started (tid=24136)
[2026-07-08 14:12:13] SVC: Found 775 services
[2026-07-08 14:12:13] Process Guardian Qt GUI started
[2026-07-08 14:12:13] Popup confirmation server started (tid=17388)
[2026-07-08 14:12:22] Failed to connect to daemon action pipe
[2026-07-08 14:12:22] Failed to connect to daemon action pipe
[2026-07-08 14:12:22] User authorized AI cleanup for unknown
[2026-07-08 14:12:46] 守护进程已启动（SYSTEM 服务）
[2026-07-08 14:13:16] 守护进程已启动（SYSTEM 服务）
[2026-07-08 17:30:59] SVC: Found 775 services
[2026-07-08 17:31:00] Process Guardian Qt GUI started
[2026-07-08 17:31:00] Popup confirmation server started (tid=14268)
[2026-07-08 17:31:12] Failed to connect to daemon action pipe
[2026-07-08 17:31:12] Failed to connect to daemon action pipe
[2026-07-08 17:31:12] User authorized AI cleanup for unknown
[2026-07-08 17:31:14] Removed from protected/repeat list: smartscreen.exe
[2026-07-08 17:31:16] Removed from protected/repeat list: LenovoPcManager.exe
[2026-07-08 17:31:17] Removed from protected/repeat list: cpolar.exe
[2026-07-08 17:31:29] Failed to start daemon in SYSTEM mode
[2026-07-08 17:31:34] Failed to start daemon in SYSTEM mode
[2026-07-08 17:32:24] SVC: Found 775 services
[2026-07-08 17:32:25] Process Guardian Qt GUI started
[2026-07-08 17:32:25] Popup confirmation server started (tid=18428)
[2026-07-08 17:35:13] SVC: Found 775 services
[2026-07-08 17:35:13] Process Guardian Qt GUI started
[2026-07-08 17:35:13] Popup confirmation server started (tid=2508)
[2026-07-08 17:35:16] Failed to start daemon in SYSTEM mode
[2026-07-08 17:38:49] SVC: Found 775 services
[2026-07-08 17:38:49] Process Guardian Qt GUI started
[2026-07-08 17:38:49] Popup confirmation server started (tid=16704)
[2026-07-08 17:38:52] Failed to start daemon in SYSTEM mode
[2026-07-08 17:38:56] SVC: Found 775 services
[2026-07-08 17:38:56] Process Guardian Qt GUI started
[2026-07-08 17:38:56] Popup confirmation server started (tid=8796)
[2026-07-08 17:38:59] Failed to start daemon in SYSTEM mode
[2026-07-08 17:41:53] SVC: Found 775 services
[2026-07-08 17:41:53] Process Guardian Qt GUI started
[2026-07-08 17:41:53] Popup confirmation server started (tid=13160)
[2026-07-08 17:42:00] 守护进程已启动（SYSTEM 服务）
[2026-07-08 19:20:17] SVC: Found 774 services
[2026-07-08 19:20:17] Process Guardian Qt GUI started
[2026-07-08 19:20:17] Popup confirmation server started (tid=1380)
[2026-07-08 19:20:28] 守护进程已启动（SYSTEM 服务）
[2026-07-08 19:20:33] Failed to open stop event: 5
[2026-07-08 19:20:33] Daemon terminated (PID: 9800)
[2026-07-08 19:20:33] Service stop command sent
[2026-07-08 19:20:51] Failed to start daemon in SYSTEM mode
[2026-07-08 19:21:45] SVC: Found 774 services
[2026-07-08 19:21:45] Process Guardian Qt GUI started
[2026-07-08 19:21:45] Popup confirmation server started (tid=20080)
[2026-07-08 20:38:38] SVC: Found 774 services
[2026-07-08 20:38:39] Process Guardian Qt GUI started
[2026-07-08 20:38:39] Popup confirmation server started (tid=11504)
[2026-07-08 20:47:59] SVC: Found 774 services
[2026-07-08 20:47:59] Process Guardian Qt GUI started
[2026-07-08 20:47:59] Popup confirmation server started (tid=20008)
[2026-07-08 21:04:21] SVC: Found 774 services
[2026-07-08 21:04:21] Process Guardian Qt GUI started
[2026-07-08 21:04:21] Popup confirmation server started (tid=18608)
[2026-07-08 21:18:07] SVC: Found 774 services
[2026-07-08 21:18:08] Process Guardian Qt GUI started
[2026-07-08 21:18:08] Popup confirmation server started (tid=2640)
[2026-07-08 21:27:27] SVC: Found 774 services
[2026-07-08 21:27:27] Process Guardian Qt GUI started
[2026-07-08 21:27:27] Popup confirmation server started (tid=9548)
[2026-07-08 21:27:46] 守护进程已启动（SYSTEM 服务）
[2026-07-08 21:28:31] Added to repeat-kill list: Doubao.exe
[2026-07-08 21:28:46] Added to repeat-kill list: Doubao.exe
[2026-07-08 21:28:50] Added to repeat-kill list (tree): Doubao.exe
[2026-07-08 21:29:06] Failed to start daemon in SYSTEM mode
[2026-07-08 21:29:25] Failed to start daemon in SYSTEM mode
[2026-07-08 21:29:45] Failed to start daemon in SYSTEM mode
[2026-07-08 21:30:13] SVC: Found 774 services
[2026-07-08 21:30:14] Process Guardian Qt GUI started
[2026-07-08 21:30:14] Popup confirmation server started (tid=13248)
[2026-07-08 21:30:24] 守护进程已启动（SYSTEM 服务）
[2026-07-08 21:55:09] SVC: Found 775 services
[2026-07-08 21:55:09] Process Guardian Qt GUI started
[2026-07-08 21:55:09] Popup confirmation server started (tid=21360)
[2026-07-08 21:55:19] 守护进程已启动（SYSTEM 服务）
[2026-07-08 22:04:10] SVC: Found 775 services
[2026-07-08 22:04:11] Process Guardian Qt GUI started
[2026-07-08 22:04:11] Popup confirmation server started (tid=1480)
[2026-07-08 22:06:54] Failed to write boot sector to disk 0
[2026-07-08 22:07:09] Failed to write boot sector to disk 0
[2026-07-08 22:09:40] Saved C:/Users/BaikerrNO1/Documents/trae_projects/Process Guardian/bin/data/ai_memory/SOUL.md
[2026-07-08 22:10:04] Removed from protected/repeat list: Doubao.exe
[2026-07-08 22:10:13] Added to repeat-kill list: Doubao.exe
[2026-07-08 22:10:17] Killed process: Doubao.exe
[2026-07-08 22:11:55] SVC: Found 775 services
[2026-07-08 22:11:56] Process Guardian Qt GUI started
[2026-07-08 22:11:56] Popup confirmation server started (tid=4088)
[2026-07-08 22:28:45] SVC: Found 775 services
[2026-07-08 22:28:46] Process Guardian Qt GUI started
[2026-07-08 22:28:46] Popup confirmation server started (tid=15940)
[2026-07-09 09:20:14] SVC: Found 776 services
[2026-07-09 09:20:17] Process Guardian Qt GUI started
[2026-07-09 09:20:17] Popup confirmation server started (tid=3148)
[2026-07-09 09:20:27] Daemon response: {"ok":true}
[2026-07-09 09:20:27] Daemon response: {"ok":false,"msg":"clean failed"}
[2026-07-09 09:20:27] User authorized AI cleanup for unknown
[2026-07-09 10:07:46] SVC: Found 776 services
[2026-07-09 10:07:46] Process Guardian Qt GUI started
[2026-07-09 10:07:46] Popup confirmation server started (tid=3456)
[2026-07-09 10:07:51] Daemon response: {"ok":true}
[2026-07-09 10:07:52] Daemon response: {"ok":false,"msg":"clean failed"}
[2026-07-09 10:07:52] User authorized AI cleanup for unknown
[2026-07-09 10:21:06] SVC: Found 776 services
[2026-07-09 10:21:07] Process Guardian Qt GUI started
[2026-07-09 10:21:07] Popup confirmation server started (tid=2320)
[2026-07-09 10:27:21] Removed from protected/repeat list: Doubao.exe
[2026-07-09 16:52:08] SVC: Found 776 services
[2026-07-09 16:52:08] Process Guardian Qt GUI started
[2026-07-09 16:52:08] Popup confirmation server started (tid=1192)
[2026-07-09 16:52:19] 守护进程已启动（SYSTEM 服务）
[2026-07-09 17:28:56] SVC: Found 777 services
[2026-07-09 17:28:56] Process Guardian Qt GUI started
[2026-07-09 17:28:56] Popup confirmation server started (tid=18636)
[2026-07-09 18:26:28] SVC: Found 777 services
[2026-07-09 18:26:29] Process Guardian Qt GUI started
[2026-07-09 18:26:29] Popup confirmation server started (tid=17520)
[2026-07-09 18:26:40] 守护进程已启动（SYSTEM 服务）
[2026-07-09 18:47:14] SVC: Found 777 services
[2026-07-09 18:47:15] Process Guardian Qt GUI started
[2026-07-09 18:47:15] Popup confirmation server started (tid=16496)
[2026-07-09 18:47:24] 守护进程已启动（SYSTEM 服务）
[2026-07-09 18:58:12] SVC: Found 777 services
[2026-07-09 18:58:12] Process Guardian Qt GUI started
[2026-07-09 18:58:12] Popup confirmation server started (tid=10912)
[2026-07-09 19:37:39] SVC: Found 777 services
[2026-07-09 19:37:40] Process Guardian Qt GUI started
[2026-07-09 19:37:40] Popup confirmation server started (tid=4804)
[2026-07-09 19:37:49] 守护进程已启动（SYSTEM 服务）
[2026-07-09 19:59:04] SVC: Found 777 services
[2026-07-09 19:59:05] Process Guardian Qt GUI started
[2026-07-09 19:59:05] Popup confirmation server started (tid=14636)
[2026-07-09 19:59:16] 守护进程已启动（SYSTEM 服务）
[2026-07-09 22:07:09] SVC: Found 777 services
[2026-07-09 22:07:10] Process Guardian Qt GUI started
[2026-07-09 22:07:10] Popup confirmation server started (tid=9508)
[2026-07-10 09:36:07] SVC: Found 777 services
[2026-07-10 09:36:08] Process Guardian Qt GUI started
[2026-07-10 09:36:08] Popup confirmation server started (tid=12536)
[2026-07-10 09:37:01] SVC: Found 777 services
[2026-07-10 09:37:01] Process Guardian Qt GUI started
[2026-07-10 09:37:01] Popup confirmation server started (tid=19328)
[2026-07-10 09:37:12] 守护进程已启动（SYSTEM 服务）
[2026-07-10 09:37:58] Failed to start daemon in SYSTEM mode
[2026-07-10 09:38:13] Failed to start daemon in SYSTEM mode
[2026-07-10 09:38:43] SVC: Found 776 services
[2026-07-10 09:38:44] Process Guardian Qt GUI started
[2026-07-10 09:38:44] Popup confirmation server started (tid=2056)
[2026-07-10 09:38:54] 守护进程已启动（SYSTEM 服务）
[2026-07-10 09:48:41] Failed to start daemon in SYSTEM mode
[2026-07-10 09:48:48] SVC: Found 776 services
[2026-07-10 09:48:49] Process Guardian Qt GUI started
[2026-07-10 09:48:49] Popup confirmation server started (tid=20492)
[2026-07-10 09:48:59] 守护进程已启动（SYSTEM 服务）
[2026-07-10 11:34:49] SVC: Found 777 services
[2026-07-10 11:34:50] Process Guardian Qt GUI started
[2026-07-10 11:34:50] Popup confirmation server started (tid=14004)
[2026-07-10 13:54:37] SVC: Found 777 services
[2026-07-10 13:54:38] Process Guardian Qt GUI started
[2026-07-10 13:54:38] Popup confirmation server started (tid=12372)
[2026-07-10 17:33:57] SVC: Found 777 services
[2026-07-10 17:33:57] Process Guardian Qt GUI started
[2026-07-10 17:33:57] Popup confirmation server started (tid=23616)
[2026-07-10 17:57:35] 守护进程已启动（SYSTEM 服务）
[2026-07-10 18:03:04] Removed from protected/repeat list: powershell.exe
[2026-07-10 18:03:06] Removed from protected/repeat list: git.exe
[2026-07-10 18:03:08] Removed from protected/repeat list: AggregatorHost.exe
[2026-07-10 18:03:09] Removed from protected/repeat list: unsecapp.exe
[2026-07-10 18:03:10] Removed from protected/repeat list: ROUTE.EXE
[2026-07-10 18:03:12] Removed from protected/repeat list: unknown
[2026-07-10 18:04:48] SVC: Found 777 services
[2026-07-10 18:04:49] Process Guardian Qt GUI started
[2026-07-10 18:04:49] Popup confirmation server started (tid=18180)
[2026-07-10 18:04:52] Removed from protected/repeat list: Trae CN.exe
[2026-07-10 18:04:56] Removed from protected/repeat list: spoolsv.exe
[2026-07-10 18:04:59] SVC: Found 777 services
[2026-07-10 18:05:00] Process Guardian Qt GUI started
[2026-07-10 18:05:00] Popup confirmation server started (tid=11512)
[2026-07-10 18:54:07] SVC: Found 777 services
[2026-07-10 18:54:07] Process Guardian Qt GUI started
[2026-07-10 18:54:07] Popup confirmation server started (tid=11172)
[2026-07-10 18:54:12] Removed from protected/repeat list: Trae CN.exe
[2026-07-10 18:54:29] Removed from protected/repeat list: git.exe
[2026-07-10 18:54:44] Removed from protected/repeat list: ctfmon.exe
[2026-07-10 18:55:07] 守护进程已启动（SYSTEM 服务）
[2026-07-10 19:30:22] SVC: Found 777 services
[2026-07-10 19:30:22] Process Guardian Qt GUI started
[2026-07-10 19:30:22] Popup confirmation server started (tid=4448)
[2026-07-10 21:55:38] SVC: Found 777 services
[2026-07-10 21:55:39] Process Guardian Qt GUI started
[2026-07-10 21:55:39] Popup confirmation server started (tid=20068)
[2026-07-10 21:55:46] Removed from protected/repeat list: smartscreen.exe
[2026-07-10 21:55:47] Removed from protected/repeat list: Weixin.exe
[2026-07-10 21:55:49] Removed from protected/repeat list: unsecapp.exe
[2026-07-10 21:55:58] Added to protected list: lsass.exe
[2026-07-11 08:23:48] SVC: Found 777 services
[2026-07-11 08:23:49] Process Guardian Qt GUI started
[2026-07-11 08:23:49] Popup confirmation server started (tid=12920)
[2026-07-11 08:24:59] Added to repeat-kill list: AweSun.exe
[2026-07-11 08:25:03] Added to repeat-kill list: awesun_guard.exe
[2026-07-11 08:25:12] Added to repeat-kill list: AweSun.exe
[2026-07-11 08:25:14] Added to repeat-kill list: AweSun.exe
[2026-07-11 08:25:52] Added to repeat-kill list: Doubao.exe
[2026-07-11 08:25:54] Added to repeat-kill list: Doubao.exe
[2026-07-11 08:25:56] Added to repeat-kill list: Doubao.exe
[2026-07-11 08:25:58] Added to repeat-kill list: Doubao.exe
[2026-07-11 08:26:02] Added to repeat-kill list: Doubao.exe
[2026-07-11 08:26:10] 设置已保存
[2026-07-11 08:26:43] 设置已保存
[2026-07-11 08:27:06] SVC: Found 777 services
[2026-07-11 08:27:08] SVC: Found 777 services
[2026-07-11 09:00:31] SVC: Found 777 services
[2026-07-11 09:00:33] Process Guardian Qt GUI started
[2026-07-11 09:00:33] Popup confirmation server started (tid=7548)
[2026-07-11 09:01:10] SVC: Found 777 services
[2026-07-11 09:01:10] Process Guardian Qt GUI started
[2026-07-11 09:01:10] Popup confirmation server started (tid=4084)
[2026-07-11 09:01:22] 守护进程已启动（SYSTEM 服务）
[2026-07-11 09:01:35] 设置已保存
[2026-07-11 09:03:55] Removed from protected/repeat list: AweSun.exe
[2026-07-11 09:26:37] SVC: Found 777 services
[2026-07-11 09:26:38] Process Guardian Qt GUI started
[2026-07-11 09:26:38] Popup confirmation server started (tid=2068)
[2026-07-11 09:36:59] SVC: Found 777 services
[2026-07-11 09:36:59] Process Guardian Qt GUI started
[2026-07-11 09:36:59] Popup confirmation server started (tid=20476)
[2026-07-11 09:37:15] 守护进程已启动（SYSTEM 服务）
[2026-07-11 09:37:31] Added to repeat-kill list: AweSun.exe
[2026-07-11 09:37:44] Killed process: AweSun.exe
[2026-07-11 09:37:59] Added to repeat-kill list: AweSun.exe
[2026-07-11 09:38:03] Added to repeat-kill list (tree): AweSun.exe
[2026-07-11 09:38:06] Removed from protected/repeat list: AweSun.exe
[2026-07-11 09:38:10] Added to repeat-kill list (tree): AweSun.exe
[2026-07-11 09:38:15] Added to repeat-kill list: awesun_guard.exe
[2026-07-11 09:40:44] Failed to start daemon in SYSTEM mode
[2026-07-11 09:54:00] SVC: Found 776 services
[2026-07-11 09:54:00] Process Guardian Qt GUI started
[2026-07-11 09:54:00] Popup confirmation server started (tid=9768)
[2026-07-11 09:54:03] Failed to start daemon in SYSTEM mode
[2026-07-11 10:01:46] SVC: Found 776 services
[2026-07-11 10:01:47] Process Guardian Qt GUI started
[2026-07-11 10:01:47] Popup confirmation server started (tid=19900)
[2026-07-11 10:01:55] 守护进程已启动（SYSTEM 服务）
[2026-07-11 10:05:51] Failed to start daemon in SYSTEM mode
[2026-07-11 10:06:04] SVC: Found 776 services
[2026-07-11 10:06:05] Process Guardian Qt GUI started
[2026-07-11 10:06:05] Popup confirmation server started (tid=18764)
[2026-07-11 10:06:17] SVC: Found 776 services
[2026-07-11 10:06:17] Process Guardian Qt GUI started
[2026-07-11 10:06:17] Popup confirmation server started (tid=10664)
[2026-07-11 10:06:26] 守护进程已启动（SYSTEM 服务）
[2026-07-11 10:06:40] SVC: Found 777 services
[2026-07-11 10:06:40] Process Guardian Qt GUI started
[2026-07-11 10:06:40] Popup confirmation server started (tid=3260)
[2026-07-11 10:06:49] 守护进程已启动（SYSTEM 服务）
[2026-07-11 10:07:19] SVC: Found 777 services
[2026-07-11 10:07:20] Process Guardian Qt GUI started
[2026-07-11 10:07:20] Popup confirmation server started (tid=8308)
[2026-07-11 10:11:59] SVC: Found 776 services
[2026-07-11 10:11:59] Process Guardian Qt GUI started
[2026-07-11 10:11:59] Popup confirmation server started (tid=19600)
[2026-07-11 10:12:08] 守护进程已启动（SYSTEM 服务）
[2026-07-11 10:12:36] Removed from protected/repeat list: AweSun.exe
[2026-07-11 10:17:41] SVC: Found 777 services
[2026-07-11 10:17:41] Process Guardian Qt GUI started
[2026-07-11 10:17:41] Popup confirmation server started (tid=3160)
[2026-07-11 10:17:53] 守护进程已启动（SYSTEM 服务）
[2026-07-11 10:23:01] SVC: Found 777 services
[2026-07-11 10:23:01] Process Guardian Qt GUI started
[2026-07-11 10:23:01] Popup confirmation server started (tid=7632)
[2026-07-11 10:23:11] 守护进程已启动（SYSTEM 服务）
[2026-07-11 10:56:50] SVC: Found 777 services
[2026-07-11 10:56:51] Process Guardian Qt GUI started
[2026-07-11 10:56:51] Popup confirmation server started (tid=9532)
[2026-07-11 10:56:57] Removed from protected/repeat list: Trae CN.exe
[2026-07-11 10:57:24] SVC: Found 777 services
[2026-07-11 10:57:25] Process Guardian Qt GUI started
[2026-07-11 10:57:25] Popup confirmation server started (tid=19472)
[2026-07-11 11:43:10] SVC: Found 777 services
[2026-07-11 11:43:10] Process Guardian Qt GUI started
[2026-07-11 11:43:10] Popup confirmation server started (tid=17872)
[2026-07-11 11:43:19] 守护进程已启动（SYSTEM 服务）
[2026-07-11 11:53:49] SVC: Found 777 services
[2026-07-11 11:53:50] Process Guardian Qt GUI started
[2026-07-11 11:53:50] Popup confirmation server started (tid=10568)
[2026-07-11 11:54:07] 守护进程已启动（SYSTEM 服务）
[2026-07-11 13:29:46] SVC: Found 777 services
[2026-07-11 13:29:46] Process Guardian Qt GUI started
[2026-07-11 13:29:46] Popup confirmation server started (tid=3868)
[2026-07-11 13:29:51] Removed from protected/repeat list: awesun_guard.exe
[2026-07-11 13:29:52] Removed from protected/repeat list: Doubao.exe
[2026-07-11 13:29:53] Removed from protected/repeat list: ROUTE.EXE
[2026-07-11 13:29:54] Removed from protected/repeat list: spoolsv.exe
[2026-07-11 13:29:55] Removed from protected/repeat list: Trae CN.exe
[2026-07-11 13:29:56] Removed from protected/repeat list: ntdll.dll
[2026-07-11 13:29:57] Removed from protected/repeat list: git.exe
[2026-07-11 13:30:00] Removed from protected/repeat list: kernel32.dll
[2026-07-11 13:30:01] Removed from protected/repeat list: KernelBase.dll
[2026-07-11 13:30:02] Removed from protected/repeat list: msvcrt.dll
[2026-07-11 13:30:03] Removed from protected/repeat list: sechost.dll
[2026-07-11 13:30:04] Removed from protected/repeat list: rpcrt4.dll
[2026-07-11 13:30:05] Removed from protected/repeat list: user32.dll
[2026-07-11 13:30:05] Removed from protected/repeat list: win32u.dll
[2026-07-11 13:30:07] Removed from protected/repeat list: gdi32.dll
[2026-07-11 13:30:10] Removed from protected/repeat list: gdi32full.dll
[2026-07-11 13:30:11] Removed from protected/repeat list: imm32.dll
[2026-07-11 13:30:11] Removed from protected/repeat list: ucrtbase.dll
[2026-07-11 13:30:13] Removed from protected/repeat list: msvcp_win.dll
[2026-07-11 13:30:14] Removed from protected/repeat list: advapi32.dll
[2026-07-11 13:30:15] Removed from protected/repeat list: uxtheme.dll
[2026-07-11 13:30:16] Removed from protected/repeat list: combase.dll
[2026-07-11 13:30:17] Removed from protected/repeat list: shlwapi.dll
[2026-07-11 13:30:18] Removed from protected/repeat list: SHCore.dll
[2026-07-11 13:30:18] Removed from protected/repeat list: shell32.dll
[2026-07-11 13:30:19] Removed from protected/repeat list: libiconv-2.dll
[2026-07-11 13:30:20] Removed from protected/repeat list: libpcre2-8-0.dll
[2026-07-11 13:30:21] Removed from protected/repeat list: ws2_32.dll
[2026-07-11 13:30:24] Removed from protected/repeat list: libwinpthread-1.dll
[2026-07-11 13:30:25] Removed from protected/repeat list: libintl-8.dll
[2026-07-11 13:30:27] Removed from protected/repeat list: zlib1.dll
[2026-07-11 13:30:28] Removed from protected/repeat list: cryptbase.dll
[2026-07-11 13:30:31] Removed from protected/repeat list: bcryptprimitives.dll
[2026-07-11 13:30:32] Removed from protected/repeat list: ntmarta.dll
[2026-07-11 13:51:03] SVC: Found 777 services
[2026-07-11 13:51:03] Process Guardian Qt GUI started
[2026-07-11 13:51:03] Popup confirmation server started (tid=17932)
[2026-07-11 13:51:06] Removed from protected/repeat list: Trae CN.exe
[2026-07-12 08:26:07] SVC: Found 777 services
[2026-07-12 08:26:07] Process Guardian Qt GUI started
[2026-07-12 08:26:07] Popup confirmation server started (tid=5048)
[2026-07-12 08:26:13] Removed from protected/repeat list: cmd.exe
[2026-07-12 08:26:26] Removed from protected/repeat list: wlanext.exe
[2026-07-12 08:28:58] SVC: Found 777 services
[2026-07-12 08:28:58] Process Guardian Qt GUI started
[2026-07-12 08:28:58] Popup confirmation server started (tid=2692)
[2026-07-12 08:29:15] Removed from protected/repeat list: System.Management.Automation.Resources.dll
[2026-07-12 08:29:37] Removed from protected/repeat list: powershell.exe
[2026-07-12 08:30:26] Removed from protected/repeat list: NetworkUXBroker.dll
[2026-07-12 14:41:07] SVC: Found 777 services
[2026-07-12 14:41:09] Process Guardian Qt GUI started
[2026-07-12 14:41:09] Popup confirmation server started (tid=17932)
[2026-07-12 14:41:31] Removed from protected/repeat list: git.exe
[2026-07-12 14:42:12] Removed from protected/repeat list: wpsupdate.exe
[2026-07-12 14:42:32] Removed from protected/repeat list: rg.exe
[2026-07-12 14:42:50] Removed from protected/repeat list: unsecapp.exe
[2026-07-12 14:43:09] Removed from protected/repeat list: test_handle_scanner.exe
[2026-07-12 14:43:52] Removed from protected/repeat list: gcc.exe
[2026-07-12 20:28:55] SVC: Found 801 services
[2026-07-12 20:28:56] Process Guardian Qt GUI started
[2026-07-12 20:28:56] Popup confirmation server started (tid=29424)
[2026-07-12 20:29:25] Removed from protected/repeat list: git.exe
[2026-07-12 20:29:50] Started live monitor for PID 24260
[2026-07-12 20:32:58] 设置已保存
[2026-07-12 20:33:58] 设置已保存
[2026-07-12 20:34:22] 设置已保存
[2026-07-12 20:36:40] SVC: Found 801 services
[2026-07-12 20:36:41] Process Guardian Qt GUI started
[2026-07-12 20:36:41] Popup confirmation server started (tid=28488)
[2026-07-14 16:24:42] SVC: Found 777 services
[2026-07-14 16:24:42] Process Guardian Qt GUI started
[2026-07-14 16:24:42] Popup confirmation server started (tid=22104)
[2026-07-14 16:25:07] Removed from protected/repeat list: Windows.System.winmd
[2026-07-14 19:44:35] SVC: Found 778 services
[2026-07-14 19:44:36] Process Guardian Qt GUI started
[2026-07-14 19:44:36] Popup confirmation server started (tid=17172)
[2026-07-14 19:45:40] Removed from protected/repeat list: aha_doctor.exe
[2026-07-14 19:58:25] SVC: Found 778 services
[2026-07-14 19:58:26] Process Guardian Qt GUI started
[2026-07-14 19:58:26] Popup confirmation server started (tid=25348)
[2026-07-14 19:59:05] Removed from protected/repeat list: git.exe
[2026-07-14 20:18:48] SVC: Found 778 services
[2026-07-14 20:18:49] Process Guardian Qt GUI started
[2026-07-14 20:18:49] Popup confirmation server started (tid=11436)
[2026-07-14 20:19:00] 守护进程已启动（SYSTEM 服务）
[2026-07-15 08:48:50] SVC: Found 777 services
[2026-07-15 08:48:52] Process Guardian Qt GUI started
[2026-07-15 08:48:52] Popup confirmation server started (tid=5396)
[2026-07-15 08:49:04] 守护进程已启动（SYSTEM 服务）
[2026-07-15 13:30:37] SVC: Found 777 services
[2026-07-15 13:30:39] Process Guardian Qt GUI started
[2026-07-15 13:30:39] Popup confirmation server started (tid=10760)
[2026-07-15 13:31:09] Removed from protected/repeat list: wpscloudsvr.exe
